<?xml version="1.0" encoding="UTF-8"?>
<testsuite xmlns:xsi="http://www.w3.org/2001/XMLSchema-instance" xsi:noNamespaceSchemaLocation="https://maven.apache.org/surefire/maven-surefire-plugin/xsd/surefire-test-report.xsd" name="TestSuite" time="102.71" tests="22" errors="0" skipped="0" failures="0">
  <properties>
    <property name="gopherProxySet" value="false"/>
    <property name="awt.toolkit" value="sun.lwawt.macosx.LWCToolkit"/>
    <property name="java.specification.version" value="10"/>
    <property name="file.encoding.pkg" value="sun.io"/>
    <property name="sun.cpu.isalist" value=""/>
    <property name="sun.jnu.encoding" value="UTF-8"/>
    <property name="java.class.path" value="/MavenProject/TestAutomation/Facebook/target/test-classes:/MavenProject/TestAutomation/Facebook/target/classes:/Users/palmauzzal/.m2/repository/Web-Automation/Generic/1.0-SNAPSHOT/Generic-1.0-SNAPSHOT.jar:/Users/palmauzzal/.m2/repository/org/seleniumhq/selenium/selenium-java/3.14.0/selenium-java-3.14.0.jar:/Users/palmauzzal/.m2/repository/org/seleniumhq/selenium/selenium-api/3.14.0/selenium-api-3.14.0.jar:/Users/palmauzzal/.m2/repository/org/seleniumhq/selenium/selenium-chrome-driver/3.14.0/selenium-chrome-driver-3.14.0.jar:/Users/palmauzzal/.m2/repository/org/seleniumhq/selenium/selenium-edge-driver/3.14.0/selenium-edge-driver-3.14.0.jar:/Users/palmauzzal/.m2/repository/org/seleniumhq/selenium/selenium-firefox-driver/3.14.0/selenium-firefox-driver-3.14.0.jar:/Users/palmauzzal/.m2/repository/org/seleniumhq/selenium/selenium-ie-driver/3.14.0/selenium-ie-driver-3.14.0.jar:/Users/palmauzzal/.m2/repository/org/seleniumhq/selenium/selenium-opera-driver/3.14.0/selenium-opera-driver-3.14.0.jar:/Users/palmauzzal/.m2/repository/org/seleniumhq/selenium/selenium-remote-driver/3.14.0/selenium-remote-driver-3.14.0.jar:/Users/palmauzzal/.m2/repository/org/seleniumhq/selenium/selenium-safari-driver/3.14.0/selenium-safari-driver-3.14.0.jar:/Users/palmauzzal/.m2/repository/org/seleniumhq/selenium/selenium-support/3.14.0/selenium-support-3.14.0.jar:/Users/palmauzzal/.m2/repository/net/bytebuddy/byte-buddy/1.8.15/byte-buddy-1.8.15.jar:/Users/palmauzzal/.m2/repository/org/apache/commons/commons-exec/1.3/commons-exec-1.3.jar:/Users/palmauzzal/.m2/repository/commons-codec/commons-codec/1.10/commons-codec-1.10.jar:/Users/palmauzzal/.m2/repository/commons-logging/commons-logging/1.2/commons-logging-1.2.jar:/Users/palmauzzal/.m2/repository/com/google/guava/guava/25.0-jre/guava-25.0-jre.jar:/Users/palmauzzal/.m2/repository/com/google/code/findbugs/jsr305/1.3.9/jsr305-1.3.9.jar:/Users/palmauzzal/.m2/repository/org/checkerframework/checker-compat-qual/2.0.0/checker-compat-qual-2.0.0.jar:/Users/palmauzzal/.m2/repository/com/google/errorprone/error_prone_annotations/2.1.3/error_prone_annotations-2.1.3.jar:/Users/palmauzzal/.m2/repository/com/google/j2objc/j2objc-annotations/1.1/j2objc-annotations-1.1.jar:/Users/palmauzzal/.m2/repository/org/codehaus/mojo/animal-sniffer-annotations/1.14/animal-sniffer-annotations-1.14.jar:/Users/palmauzzal/.m2/repository/org/apache/httpcomponents/httpclient/4.5.5/httpclient-4.5.5.jar:/Users/palmauzzal/.m2/repository/org/apache/httpcomponents/httpcore/4.4.9/httpcore-4.4.9.jar:/Users/palmauzzal/.m2/repository/com/squareup/okhttp3/okhttp/3.10.0/okhttp-3.10.0.jar:/Users/palmauzzal/.m2/repository/com/squareup/okio/okio/1.14.1/okio-1.14.1.jar:/Users/palmauzzal/.m2/repository/org/seleniumhq/selenium/selenium-server/3.14.0/selenium-server-3.14.0.jar:/Users/palmauzzal/.m2/repository/com/beust/jcommander/1.72/jcommander-1.72.jar:/Users/palmauzzal/.m2/repository/org/apache/commons/commons-lang3/3.7/commons-lang3-3.7.jar:/Users/palmauzzal/.m2/repository/org/apache/commons/commons-text/1.1/commons-text-1.1.jar:/Users/palmauzzal/.m2/repository/commons-io/commons-io/2.6/commons-io-2.6.jar:/Users/palmauzzal/.m2/repository/commons-net/commons-net/3.6/commons-net-3.6.jar:/Users/palmauzzal/.m2/repository/net/sourceforge/htmlunit/htmlunit/2.30/htmlunit-2.30.jar:/Users/palmauzzal/.m2/repository/net/sourceforge/htmlunit/htmlunit-core-js/2.28/htmlunit-core-js-2.28.jar:/Users/palmauzzal/.m2/repository/net/sourceforge/htmlunit/htmlunit-cssparser/1.0.0/htmlunit-cssparser-1.0.0.jar:/Users/palmauzzal/.m2/repository/net/sourceforge/htmlunit/neko-htmlunit/2.30/neko-htmlunit-2.30.jar:/Users/palmauzzal/.m2/repository/org/apache/httpcomponents/httpmime/4.5.5/httpmime-4.5.5.jar:/Users/palmauzzal/.m2/repository/net/jcip/jcip-annotations/1.0/jcip-annotations-1.0.jar:/Users/palmauzzal/.m2/repository/org/seleniumhq/selenium/jetty-repacked/9.4.8.v20180619/jetty-repacked-9.4.8.v20180619.jar:/Users/palmauzzal/.m2/repository/org/eclipse/jetty/jetty-client/9.4.8.v20180619/jetty-client-9.4.8.v20180619.jar:/Users/palmauzzal/.m2/repository/org/eclipse/jetty/jetty-http/9.4.8.v20180619/jetty-http-9.4.8.v20180619.jar:/Users/palmauzzal/.m2/repository/org/eclipse/jetty/jetty-io/9.4.8.v20180619/jetty-io-9.4.8.v20180619.jar:/Users/palmauzzal/.m2/repository/org/eclipse/jetty/jetty-util/9.4.8.v20180619/jetty-util-9.4.8.v20180619.jar:/Users/palmauzzal/.m2/repository/org/eclipse/jetty/jetty-xml/9.4.8.v20180619/jetty-xml-9.4.8.v20180619.jar:/Users/palmauzzal/.m2/repository/org/seleniumhq/selenium/htmlunit-driver/2.30.0/htmlunit-driver-2.30.0.jar:/Users/palmauzzal/.m2/repository/javax/servlet/javax.servlet-api/3.1.0/javax.servlet-api-3.1.0.jar:/Users/palmauzzal/.m2/repository/org/eclipse/jetty/websocket/websocket-api/9.4.8.v20180619/websocket-api-9.4.8.v20180619.jar:/Users/palmauzzal/.m2/repository/org/eclipse/jetty/websocket/websocket-client/9.4.8.v20180619/websocket-client-9.4.8.v20180619.jar:/Users/palmauzzal/.m2/repository/org/eclipse/jetty/websocket/websocket-common/9.4.8.v20180619/websocket-common-9.4.8.v20180619.jar:/Users/palmauzzal/.m2/repository/xalan/serializer/2.7.2/serializer-2.7.2.jar:/Users/palmauzzal/.m2/repository/xalan/xalan/2.7.2/xalan-2.7.2.jar:/Users/palmauzzal/.m2/repository/xerces/xercesImpl/2.11.0/xercesImpl-2.11.0.jar:/Users/palmauzzal/.m2/repository/xml-apis/xml-apis/1.4.01/xml-apis-1.4.01.jar:/Users/palmauzzal/.m2/repository/org/yaml/snakeyaml/1.19/snakeyaml-1.19.jar:/Users/palmauzzal/.m2/repository/org/testng/testng/6.14.3/testng-6.14.3.jar:/Users/palmauzzal/.m2/repository/org/apache-extras/beanshell/bsh/2.0b6/bsh-2.0b6.jar:/Users/palmauzzal/.m2/repository/org/apache/maven/surefire/surefire-testng-utils/2.22.0/surefire-testng-utils-2.22.0.jar:/Users/palmauzzal/.m2/repository/org/apache/maven/surefire/surefire-grouper/2.22.0/surefire-grouper-2.22.0.jar:"/>
    <property name="java.vm.vendor" value="&quot;Oracle Corporation&quot;"/>
    <property name="sun.arch.data.model" value="64"/>
    <property name="java.vendor.url" value="http://java.oracle.com/"/>
    <property name="user.timezone" value=""/>
    <property name="java.vm.specification.version" value="10"/>
    <property name="os.name" value="Mac OS X"/>
    <property name="sun.java.launcher" value="SUN_STANDARD"/>
    <property name="user.country" value="US"/>
    <property name="sun.boot.library.path" value="/Library/Java/JavaVirtualMachines/jdk-10.0.1.jdk/Contents/Home/lib"/>
    <property name="sun.java.command" value="/MavenProject/TestAutomation/Facebook/target/surefire/surefirebooter2972621320179794461.jar /MavenProject/TestAutomation/Facebook/target/surefire 2018-09-21T18-10-28_762-jvmRun1 surefire6426240591521063303tmp surefire_013461672473431207655tmp"/>
    <property name="http.nonProxyHosts" value="local|*.local|169.254/16|*.169.254/16"/>
    <property name="jdk.debug" value="release"/>
    <property name="surefire.test.class.path" value="/MavenProject/TestAutomation/Facebook/target/test-classes:/MavenProject/TestAutomation/Facebook/target/classes:/Users/palmauzzal/.m2/repository/Web-Automation/Generic/1.0-SNAPSHOT/Generic-1.0-SNAPSHOT.jar:/Users/palmauzzal/.m2/repository/org/seleniumhq/selenium/selenium-java/3.14.0/selenium-java-3.14.0.jar:/Users/palmauzzal/.m2/repository/org/seleniumhq/selenium/selenium-api/3.14.0/selenium-api-3.14.0.jar:/Users/palmauzzal/.m2/repository/org/seleniumhq/selenium/selenium-chrome-driver/3.14.0/selenium-chrome-driver-3.14.0.jar:/Users/palmauzzal/.m2/repository/org/seleniumhq/selenium/selenium-edge-driver/3.14.0/selenium-edge-driver-3.14.0.jar:/Users/palmauzzal/.m2/repository/org/seleniumhq/selenium/selenium-firefox-driver/3.14.0/selenium-firefox-driver-3.14.0.jar:/Users/palmauzzal/.m2/repository/org/seleniumhq/selenium/selenium-ie-driver/3.14.0/selenium-ie-driver-3.14.0.jar:/Users/palmauzzal/.m2/repository/org/seleniumhq/selenium/selenium-opera-driver/3.14.0/selenium-opera-driver-3.14.0.jar:/Users/palmauzzal/.m2/repository/org/seleniumhq/selenium/selenium-remote-driver/3.14.0/selenium-remote-driver-3.14.0.jar:/Users/palmauzzal/.m2/repository/org/seleniumhq/selenium/selenium-safari-driver/3.14.0/selenium-safari-driver-3.14.0.jar:/Users/palmauzzal/.m2/repository/org/seleniumhq/selenium/selenium-support/3.14.0/selenium-support-3.14.0.jar:/Users/palmauzzal/.m2/repository/net/bytebuddy/byte-buddy/1.8.15/byte-buddy-1.8.15.jar:/Users/palmauzzal/.m2/repository/org/apache/commons/commons-exec/1.3/commons-exec-1.3.jar:/Users/palmauzzal/.m2/repository/commons-codec/commons-codec/1.10/commons-codec-1.10.jar:/Users/palmauzzal/.m2/repository/commons-logging/commons-logging/1.2/commons-logging-1.2.jar:/Users/palmauzzal/.m2/repository/com/google/guava/guava/25.0-jre/guava-25.0-jre.jar:/Users/palmauzzal/.m2/repository/com/google/code/findbugs/jsr305/1.3.9/jsr305-1.3.9.jar:/Users/palmauzzal/.m2/repository/org/checkerframework/checker-compat-qual/2.0.0/checker-compat-qual-2.0.0.jar:/Users/palmauzzal/.m2/repository/com/google/errorprone/error_prone_annotations/2.1.3/error_prone_annotations-2.1.3.jar:/Users/palmauzzal/.m2/repository/com/google/j2objc/j2objc-annotations/1.1/j2objc-annotations-1.1.jar:/Users/palmauzzal/.m2/repository/org/codehaus/mojo/animal-sniffer-annotations/1.14/animal-sniffer-annotations-1.14.jar:/Users/palmauzzal/.m2/repository/org/apache/httpcomponents/httpclient/4.5.5/httpclient-4.5.5.jar:/Users/palmauzzal/.m2/repository/org/apache/httpcomponents/httpcore/4.4.9/httpcore-4.4.9.jar:/Users/palmauzzal/.m2/repository/com/squareup/okhttp3/okhttp/3.10.0/okhttp-3.10.0.jar:/Users/palmauzzal/.m2/repository/com/squareup/okio/okio/1.14.1/okio-1.14.1.jar:/Users/palmauzzal/.m2/repository/org/seleniumhq/selenium/selenium-server/3.14.0/selenium-server-3.14.0.jar:/Users/palmauzzal/.m2/repository/com/beust/jcommander/1.72/jcommander-1.72.jar:/Users/palmauzzal/.m2/repository/org/apache/commons/commons-lang3/3.7/commons-lang3-3.7.jar:/Users/palmauzzal/.m2/repository/org/apache/commons/commons-text/1.1/commons-text-1.1.jar:/Users/palmauzzal/.m2/repository/commons-io/commons-io/2.6/commons-io-2.6.jar:/Users/palmauzzal/.m2/repository/commons-net/commons-net/3.6/commons-net-3.6.jar:/Users/palmauzzal/.m2/repository/net/sourceforge/htmlunit/htmlunit/2.30/htmlunit-2.30.jar:/Users/palmauzzal/.m2/repository/net/sourceforge/htmlunit/htmlunit-core-js/2.28/htmlunit-core-js-2.28.jar:/Users/palmauzzal/.m2/repository/net/sourceforge/htmlunit/htmlunit-cssparser/1.0.0/htmlunit-cssparser-1.0.0.jar:/Users/palmauzzal/.m2/repository/net/sourceforge/htmlunit/neko-htmlunit/2.30/neko-htmlunit-2.30.jar:/Users/palmauzzal/.m2/repository/org/apache/httpcomponents/httpmime/4.5.5/httpmime-4.5.5.jar:/Users/palmauzzal/.m2/repository/net/jcip/jcip-annotations/1.0/jcip-annotations-1.0.jar:/Users/palmauzzal/.m2/repository/org/seleniumhq/selenium/jetty-repacked/9.4.8.v20180619/jetty-repacked-9.4.8.v20180619.jar:/Users/palmauzzal/.m2/repository/org/eclipse/jetty/jetty-client/9.4.8.v20180619/jetty-client-9.4.8.v20180619.jar:/Users/palmauzzal/.m2/repository/org/eclipse/jetty/jetty-http/9.4.8.v20180619/jetty-http-9.4.8.v20180619.jar:/Users/palmauzzal/.m2/repository/org/eclipse/jetty/jetty-io/9.4.8.v20180619/jetty-io-9.4.8.v20180619.jar:/Users/palmauzzal/.m2/repository/org/eclipse/jetty/jetty-util/9.4.8.v20180619/jetty-util-9.4.8.v20180619.jar:/Users/palmauzzal/.m2/repository/org/eclipse/jetty/jetty-xml/9.4.8.v20180619/jetty-xml-9.4.8.v20180619.jar:/Users/palmauzzal/.m2/repository/org/seleniumhq/selenium/htmlunit-driver/2.30.0/htmlunit-driver-2.30.0.jar:/Users/palmauzzal/.m2/repository/javax/servlet/javax.servlet-api/3.1.0/javax.servlet-api-3.1.0.jar:/Users/palmauzzal/.m2/repository/org/eclipse/jetty/websocket/websocket-api/9.4.8.v20180619/websocket-api-9.4.8.v20180619.jar:/Users/palmauzzal/.m2/repository/org/eclipse/jetty/websocket/websocket-client/9.4.8.v20180619/websocket-client-9.4.8.v20180619.jar:/Users/palmauzzal/.m2/repository/org/eclipse/jetty/websocket/websocket-common/9.4.8.v20180619/websocket-common-9.4.8.v20180619.jar:/Users/palmauzzal/.m2/repository/xalan/serializer/2.7.2/serializer-2.7.2.jar:/Users/palmauzzal/.m2/repository/xalan/xalan/2.7.2/xalan-2.7.2.jar:/Users/palmauzzal/.m2/repository/xerces/xercesImpl/2.11.0/xercesImpl-2.11.0.jar:/Users/palmauzzal/.m2/repository/xml-apis/xml-apis/1.4.01/xml-apis-1.4.01.jar:/Users/palmauzzal/.m2/repository/org/yaml/snakeyaml/1.19/snakeyaml-1.19.jar:/Users/palmauzzal/.m2/repository/org/testng/testng/6.14.3/testng-6.14.3.jar:/Users/palmauzzal/.m2/repository/org/apache-extras/beanshell/bsh/2.0b6/bsh-2.0b6.jar:/Users/palmauzzal/.m2/repository/org/apache/maven/surefire/surefire-testng-utils/2.22.0/surefire-testng-utils-2.22.0.jar:/Users/palmauzzal/.m2/repository/org/apache/maven/surefire/surefire-grouper/2.22.0/surefire-grouper-2.22.0.jar:"/>
    <property name="sun.cpu.endian" value="little"/>
    <property name="user.home" value="/Users/palmauzzal"/>
    <property name="user.language" value="en"/>
    <property name="java.specification.vendor" value="Oracle Corporation"/>
    <property name="java.version.date" value="2018-04-17"/>
    <property name="java.home" value="/Library/Java/JavaVirtualMachines/jdk-10.0.1.jdk/Contents/Home"/>
    <property name="file.separator" value="/"/>
    <property name="basedir" value="/MavenProject/TestAutomation/Facebook"/>
    <property name="java.vm.compressedOopsMode" value="Zero based"/>
    <property name="line.separator" value="&#10;"/>
    <property name="java.specification.name" value="Java Platform API Specification"/>
    <property name="java.vm.specification.vendor" value="Oracle Corporation"/>
    <property name="java.awt.graphicsenv" value="sun.awt.CGraphicsEnvironment"/>
    <property name="surefire.real.class.path" value="/MavenProject/TestAutomation/Facebook/target/surefire/surefirebooter2972621320179794461.jar"/>
    <property name="sun.management.compiler" value="HotSpot 64-Bit Tiered Compilers"/>
    <property name="ftp.nonProxyHosts" value="local|*.local|169.254/16|*.169.254/16"/>
    <property name="java.runtime.version" value="10.0.1+10"/>
    <property name="user.name" value="palmauzzal"/>
    <property name="path.separator" value=":"/>
    <property name="os.version" value="10.13.6"/>
    <property name="java.runtime.name" value="Java(TM) SE Runtime Environment"/>
    <property name="file.encoding" value="UTF-8"/>
    <property name="java.vm.name" value="Java HotSpot(TM) 64-Bit Server VM"/>
    <property name="java.vendor.version" value="18.3"/>
    <property name="localRepository" value="/Users/palmauzzal/.m2/repository"/>
    <property name="java.vendor.url.bug" value="http://bugreport.java.com/bugreport/"/>
    <property name="java.io.tmpdir" value="/var/folders/mp/q48t92j91dz6xb67qzfybyvh0000gn/T/"/>
    <property name="idea.version" value="2018.2.1"/>
    <property name="java.version" value="10.0.1"/>
    <property name="user.dir" value="/MavenProject/TestAutomation/Facebook"/>
    <property name="os.arch" value="x86_64"/>
    <property name="java.vm.specification.name" value="Java Virtual Machine Specification"/>
    <property name="java.awt.printerjob" value="sun.lwawt.macosx.CPrinterJob"/>
    <property name="sun.os.patch.level" value="unknown"/>
    <property name="java.library.path" value="/Users/palmauzzal/Library/Java/Extensions:/Library/Java/Extensions:/Network/Library/Java/Extensions:/System/Library/Java/Extensions:/usr/lib/java:."/>
    <property name="java.vendor" value="Oracle Corporation"/>
    <property name="java.vm.info" value="mixed mode"/>
    <property name="java.vm.version" value="10.0.1+10"/>
    <property name="sun.io.unicode.encoding" value="UnicodeBig"/>
    <property name="java.class.version" value="54.0"/>
    <property name="socksNonProxyHosts" value="local|*.local|169.254/16|*.169.254/16"/>
  </properties>
  <testcase name="fbLogInSucessfully" classname="search.TestFacebookLogIn" time="1.501"/>
  <testcase name="clickOnBirthdayDate" classname="search.TestHomePageClick" time="0.808"/>
  <testcase name="clickOnBirthdayMonth" classname="search.TestHomePageClick" time="0.638"/>
  <testcase name="clickOnBirthdayYear" classname="search.TestHomePageClick" time="0.726"/>
  <testcase name="clickOnFemalePointer" classname="search.TestHomePageClick" time="0.61"/>
  <testcase name="clickOnFemaleWord" classname="search.TestHomePageClick" time="0.804"/>
  <testcase name="clickOnLoginButton" classname="search.TestHomePageClick" time="1.38"/>
  <testcase name="clickOnMaleWord" classname="search.TestHomePageClick" time="0.835"/>
  <testcase name="clickOnSignUpButton" classname="search.TestHomePageClick" time="0.623"/>
  <testcase name="enterEmailAddress" classname="search.TestHomePageInputData" time="6.198"/>
  <testcase name="enterLastNameBox" classname="search.TestHomePageInputData" time="0.793"/>
  <testcase name="insertPhoneNumber" classname="search.TestHomePageInputData" time="0.771"/>
  <testcase name="openFacebookBrowser" classname="search.TestHomePageInputData" time="5.006"/>
  <testcase name="logIn1" classname="search.TestLogInNegative_Positive" time="1.807"/>
  <testcase name="logIn2" classname="search.TestLogInNegative_Positive" time="1.426"/>
  <testcase name="logIn3" classname="search.TestLogInNegative_Positive" time="1.437"/>
  <testcase name="logIn4" classname="search.TestLogInNegative_Positive" time="1.596"/>
  <testcase name="logIn5" classname="search.TestLogInNegative_Positive" time="1.995"/>
  <testcase name="logIn6" classname="search.TestLogInNegative_Positive" time="1.497"/>
  <testcase name="logInFB" classname="search.TestLogInNegative_Positive" time="1.694"/>
  <testcase name="openFacebookBrowser" classname="search.TestLogInNegative_Positive" time="0"/>
  <testcase name="FBSignUp" classname="search.TestNewFacebookSignUp" time="1.598"/>
</testsuite>