<?xml version="1.0" encoding="UTF-8"?>
<!-- Generated by org.testng.reporters.JUnitReportReporter -->
<testsuite hostname="Uzzals-MacBook-Pro.local" failures="0" tests="2" name="search.Click" time="38.185" errors="0" timestamp="20 Sep 2018 15:44:24 GMT" skipped="0">
  <testcase classname="search.Click" name="clickOnBirthdayDate" time="18.771"/>
  <testcase classname="search.Click" name="clickOnBirthdayYear" time="19.414"/>
</testsuite> <!-- search.Click -->
