<?xml version="1.0" encoding="UTF-8"?>
<!-- Generated by org.testng.reporters.JUnitReportReporter -->
<testsuite hostname="Uzzals-MacBook-Pro.local" failures="0" tests="8" name="search.TestLogInNegative_Positive" time="32.598" errors="0" timestamp="21 Sep 2018 22:12:12 GMT" skipped="0">
  <testcase classname="search.TestLogInNegative_Positive" name="logIn6" time="3.701"/>
  <testcase classname="search.TestLogInNegative_Positive" name="logIn2" time="3.437"/>
  <testcase classname="search.TestLogInNegative_Positive" name="logInFB" time="8.431"/>
  <testcase classname="search.TestLogInNegative_Positive" name="logIn3" time="3.349"/>
  <testcase classname="search.TestLogInNegative_Positive" name="openFacebookBrowser" time="2.008"/>
  <testcase classname="search.TestLogInNegative_Positive" name="logIn5" time="4.151"/>
  <testcase classname="search.TestLogInNegative_Positive" name="logIn1" time="3.864"/>
  <testcase classname="search.TestLogInNegative_Positive" name="logIn4" time="3.657"/>
</testsuite> <!-- search.TestLogInNegative_Positive -->
