<?xml version="1.0" encoding="UTF-8"?>
<!-- Generated by org.testng.reporters.JUnitReportReporter -->
<testsuite hostname="Uzzals-MacBook-Pro.local" failures="0" tests="4" name="search.TestHomePageInputData" time="20.681" errors="0" timestamp="21 Sep 2018 22:12:12 GMT" skipped="0">
  <testcase classname="search.TestHomePageInputData" name="enterLastNameBox" time="2.805"/>
  <testcase classname="search.TestHomePageInputData" name="enterEmailAddress" time="8.064"/>
  <testcase classname="search.TestHomePageInputData" name="openFacebookBrowser" time="6.933"/>
  <testcase classname="search.TestHomePageInputData" name="insertPhoneNumber" time="2.879"/>
</testsuite> <!-- search.TestHomePageInputData -->
