<?xml version="1.0" encoding="UTF-8"?>
<!-- Generated by org.testng.reporters.JUnitReportReporter -->
<testsuite hostname="Uzzals-MacBook-Pro.local" failures="0" tests="13" name="search.ImportSearchFB" time="167.092" errors="0" timestamp="20 Sep 2018 15:44:23 GMT" skipped="0">
  <testcase classname="search.ImportSearchFB" name="clickOnMaleWord" time="10.403"/>
  <testcase classname="search.ImportSearchFB" name="insertPhoneNumber" time="11.870"/>
  <testcase classname="search.ImportSearchFB" name="clickOnLogUpButton" time="11.324"/>
  <testcase classname="search.ImportSearchFB" name="clickOnFemaleWord" time="12.166"/>
  <testcase classname="search.ImportSearchFB" name="clickOnMalePointer" time="9.656"/>
  <testcase classname="search.ImportSearchFB" name="openFacebookBrowser" time="10.018"/>
  <testcase classname="search.ImportSearchFB" name="enterLastNameBox" time="11.310"/>
  <testcase classname="search.ImportSearchFB" name="enterFirstNameBox" time="12.331"/>
  <testcase classname="search.ImportSearchFB" name="clickOnLoginButton" time="13.357"/>
  <testcase classname="search.ImportSearchFB" name="enterEmailAddress" time="12.785"/>
  <testcase classname="search.ImportSearchFB" name="clickOnFemalePointer" time="11.020"/>
  <testcase classname="search.ImportSearchFB" name="enterNewPassword" time="11.026"/>
  <testcase classname="search.ImportSearchFB" name="clickOnBirthdayMonth" time="29.826"/>
</testsuite> <!-- search.ImportSearchFB -->
