<?xml version="1.0" encoding="UTF-8"?>
<!-- Generated by org.testng.reporters.JUnitReportReporter -->
<testsuite hostname="Uzzals-MacBook-Pro.local" failures="0" tests="8" name="search.TestHomePageClick" time="40.984" errors="0" timestamp="21 Sep 2018 22:12:12 GMT" skipped="0">
  <testcase classname="search.TestHomePageClick" name="clickOnFemaleWord" time="2.953"/>
  <testcase classname="search.TestHomePageClick" name="clickOnBirthdayYear" time="20.822"/>
  <testcase classname="search.TestHomePageClick" name="clickOnSignUpButton" time="2.688"/>
  <testcase classname="search.TestHomePageClick" name="clickOnBirthdayMonth" time="2.650"/>
  <testcase classname="search.TestHomePageClick" name="clickOnFemalePointer" time="2.730"/>
  <testcase classname="search.TestHomePageClick" name="clickOnMaleWord" time="2.848"/>
  <testcase classname="search.TestHomePageClick" name="clickOnBirthdayDate" time="2.872"/>
  <testcase classname="search.TestHomePageClick" name="clickOnLoginButton" time="3.421"/>
</testsuite> <!-- search.TestHomePageClick -->
