<?xml version="1.0" encoding="UTF-8"?>
<!-- Generated by org.testng.reporters.JUnitReportReporter -->
<testsuite hostname="Uzzals-MacBook-Pro.local" failures="0" tests="5" name="search.TestHomePageInputData" time="25.594" errors="0" timestamp="21 Sep 2018 01:26:11 GMT" skipped="0">
  <testcase classname="search.TestHomePageInputData" name="enterLastNameBox" time="3.019"/>
  <testcase classname="search.TestHomePageInputData" name="enterFirstNameBox" time="2.858"/>
  <testcase classname="search.TestHomePageInputData" name="insertPhoneNumber" time="2.999"/>
  <testcase classname="search.TestHomePageInputData" name="openFacebookBrowser" time="7.889"/>
  <testcase classname="search.TestHomePageInputData" name="enterEmailAddress" time="8.829"/>
</testsuite> <!-- search.TestHomePageInputData -->
