<?xml version="1.0" encoding="UTF-8"?>
<!-- Generated by org.testng.reporters.JUnitReportReporter -->
<testsuite hostname="Uzzals-MacBook-Pro.local" failures="0" tests="1" name="search.TestFacebookLogIn" time="4.110" errors="0" timestamp="21 Sep 2018 22:12:12 GMT" skipped="0">
  <testcase classname="search.TestFacebookLogIn" name="fbLogInSucessfully" time="4.110"/>
</testsuite> <!-- search.TestFacebookLogIn -->
