<?xml version="1.0" encoding="UTF-8"?>
<!-- Generated by org.testng.reporters.JUnitReportReporter -->
<testsuite hostname="Uzzals-MacBook-Pro.local" failures="0" tests="8" name="search.TestHomeLogIn" time="29.427" errors="0" timestamp="21 Sep 2018 01:26:11 GMT" skipped="0">
  <testcase classname="search.TestHomeLogIn" name="logIn3" time="3.758"/>
  <testcase classname="search.TestHomeLogIn" name="logIn2" time="3.496"/>
  <testcase classname="search.TestHomeLogIn" name="logInFB" time="3.949"/>
  <testcase classname="search.TestHomeLogIn" name="openFacebookBrowser" time="2.823"/>
  <testcase classname="search.TestHomeLogIn" name="logIn6" time="3.576"/>
  <testcase classname="search.TestHomeLogIn" name="logIn1" time="3.749"/>
  <testcase classname="search.TestHomeLogIn" name="logIn4" time="4.250"/>
  <testcase classname="search.TestHomeLogIn" name="logIn5" time="3.826"/>
</testsuite> <!-- search.TestHomeLogIn -->
